<?xml version="1.0" encoding="UTF-8"?>
<testsuite name="com.springboot.webservice.web.HelloControllerTest" tests="2" skipped="0" failures="0" errors="0" timestamp="2021-07-24T14:04:00" hostname="DESKTOP-AR02PAH" time="0.154">
  <properties/>
  <testcase name="helloDto" classname="com.springboot.webservice.web.HelloControllerTest" time="0.144"/>
  <testcase name="hello" classname="com.springboot.webservice.web.HelloControllerTest" time="0.009"/>
  <system-out><![CDATA[2021-07-24 23:03:59.080  INFO 6604 --- [    Test worker] .b.t.a.w.s.WebMvcTestContextBootstrapper : Neither @ContextConfiguration nor @ContextHierarchy found for test class [com.springboot.webservice.web.HelloControllerTest], using SpringBootContextLoader
2021-07-24 23:03:59.080  INFO 6604 --- [    Test worker] o.s.t.c.support.AbstractContextLoader    : Could not detect default resource locations for test class [com.springboot.webservice.web.HelloControllerTest]: no resource found for suffixes {-context.xml, Context.groovy}.
2021-07-24 23:03:59.080  INFO 6604 --- [    Test worker] t.c.s.AnnotationConfigContextLoaderUtils : Could not detect default configuration classes for test class [com.springboot.webservice.web.HelloControllerTest]: HelloControllerTest does not declare any static, non-private, non-final, nested classes annotated with @Configuration.
2021-07-24 23:03:59.096  INFO 6604 --- [    Test worker] .b.t.c.SpringBootTestContextBootstrapper : Found @SpringBootConfiguration com.springboot.webservice.Application for test class com.springboot.webservice.web.HelloControllerTest
2021-07-24 23:03:59.112  INFO 6604 --- [    Test worker] .b.t.a.w.s.WebMvcTestContextBootstrapper : Loaded default TestExecutionListener class names from location [META-INF/spring.factories]: [org.springframework.security.test.context.support.WithSecurityContextTestExecutionListener, org.springframework.security.test.context.support.ReactorContextTestExecutionListener, org.springframework.boot.test.autoconfigure.restdocs.RestDocsTestExecutionListener, org.springframework.boot.test.autoconfigure.web.client.MockRestServiceServerResetTestExecutionListener, org.springframework.boot.test.autoconfigure.web.servlet.MockMvcPrintOnlyOnFailureTestExecutionListener, org.springframework.boot.test.autoconfigure.web.servlet.WebDriverTestExecutionListener, org.springframework.boot.test.mock.mockito.MockitoTestExecutionListener, org.springframework.boot.test.mock.mockito.ResetMocksTestExecutionListener, org.springframework.test.context.web.ServletTestExecutionListener, org.springframework.test.context.support.DirtiesContextBeforeModesTestExecutionListener, org.springframework.test.context.support.DependencyInjectionTestExecutionListener, org.springframework.test.context.support.DirtiesContextTestExecutionListener, org.springframework.test.context.transaction.TransactionalTestExecutionListener, org.springframework.test.context.jdbc.SqlScriptsTestExecutionListener]
2021-07-24 23:03:59.112  INFO 6604 --- [    Test worker] .b.t.a.w.s.WebMvcTestContextBootstrapper : Using TestExecutionListeners: [org.springframework.test.context.web.ServletTestExecutionListener@12a1c012, org.springframework.test.context.support.DirtiesContextBeforeModesTestExecutionListener@6e5c737e, org.springframework.boot.test.mock.mockito.MockitoTestExecutionListener@309c35be, org.springframework.boot.test.autoconfigure.SpringBootDependencyInjectionTestExecutionListener@778c2de2, org.springframework.test.context.support.DirtiesContextTestExecutionListener@6b31c251, org.springframework.test.context.transaction.TransactionalTestExecutionListener@667b9bca, org.springframework.test.context.jdbc.SqlScriptsTestExecutionListener@371b637e, org.springframework.security.test.context.support.WithSecurityContextTestExecutionListener@216ebb42, org.springframework.security.test.context.support.ReactorContextTestExecutionListener@4428c674, org.springframework.boot.test.autoconfigure.restdocs.RestDocsTestExecutionListener@7e37b0f0, org.springframework.boot.test.autoconfigure.web.client.MockRestServiceServerResetTestExecutionListener@12db2cdb, org.springframework.boot.test.autoconfigure.web.servlet.MockMvcPrintOnlyOnFailureTestExecutionListener@46bb2169, org.springframework.boot.test.autoconfigure.web.servlet.WebDriverTestExecutionListener@442254ac, org.springframework.boot.test.mock.mockito.ResetMocksTestExecutionListener@751cce8]

  .   ____          _            __ _ _
 /\\ / ___'_ __ _ _(_)_ __  __ _ \ \ \ \
( ( )\___ | '_ | '_| | '_ \/ _` | \ \ \ \
 \\/  ___)| |_)| | | | | || (_| |  ) ) ) )
  '  |____| .__|_| |_|_| |_\__, | / / / /
 =========|_|==============|___/=/_/_/_/
 :: Spring Boot ::        (v2.1.9.RELEASE)

2021-07-24 23:03:59.159  INFO 6604 --- [    Test worker] c.s.webservice.web.HelloControllerTest   : Starting HelloControllerTest on DESKTOP-AR02PAH with PID 6604 (started by SDS in C:\Users\SDS\IdeaProjects\springboot-aws-webservice)
2021-07-24 23:03:59.159  INFO 6604 --- [    Test worker] c.s.webservice.web.HelloControllerTest   : The following profiles are active: oauth
2021-07-24 23:03:59.627  INFO 6604 --- [    Test worker] o.s.s.concurrent.ThreadPoolTaskExecutor  : Initializing ExecutorService 'applicationTaskExecutor'
2021-07-24 23:03:59.658  INFO 6604 --- [    Test worker] o.s.b.a.w.s.WelcomePageHandlerMapping    : Adding welcome page template: index
2021-07-24 23:03:59.830  INFO 6604 --- [    Test worker] .s.s.UserDetailsServiceAutoConfiguration : 

Using generated security password: b5eb59cc-ef0c-4250-8468-975abd31fe99

2021-07-24 23:03:59.971  INFO 6604 --- [    Test worker] o.s.s.web.DefaultSecurityFilterChain     : Creating filter chain: any request, [org.springframework.security.web.context.request.async.WebAsyncManagerIntegrationFilter@a4e6560, org.springframework.security.web.context.SecurityContextPersistenceFilter@569f0e08, org.springframework.security.web.header.HeaderWriterFilter@13036968, org.springframework.security.web.csrf.CsrfFilter@728e1bb9, org.springframework.security.web.authentication.logout.LogoutFilter@2485e7f0, org.springframework.security.web.authentication.UsernamePasswordAuthenticationFilter@4933dd92, org.springframework.security.web.authentication.ui.DefaultLoginPageGeneratingFilter@5210315c, org.springframework.security.web.authentication.ui.DefaultLogoutPageGeneratingFilter@418ca9a, org.springframework.security.web.authentication.www.BasicAuthenticationFilter@7a164ce3, org.springframework.security.web.savedrequest.RequestCacheAwareFilter@5cdf238c, org.springframework.security.web.servletapi.SecurityContextHolderAwareRequestFilter@549f5956, org.springframework.security.web.authentication.AnonymousAuthenticationFilter@4ca1efae, org.springframework.security.web.session.SessionManagementFilter@11d2eb62, org.springframework.security.web.access.ExceptionTranslationFilter@13232d2a, org.springframework.security.web.access.intercept.FilterSecurityInterceptor@2cf3c7d4]
2021-07-24 23:04:00.002  INFO 6604 --- [    Test worker] o.s.b.t.m.w.SpringBootMockServletContext : Initializing Spring TestDispatcherServlet ''
2021-07-24 23:04:00.002  INFO 6604 --- [    Test worker] o.s.t.web.servlet.TestDispatcherServlet  : Initializing Servlet ''
2021-07-24 23:04:00.018  INFO 6604 --- [    Test worker] o.s.t.web.servlet.TestDispatcherServlet  : Completed initialization in 16 ms
2021-07-24 23:04:00.049  INFO 6604 --- [    Test worker] c.s.webservice.web.HelloControllerTest   : Started HelloControllerTest in 0.937 seconds (JVM running for 8.382)
]]></system-out>
  <system-err><![CDATA[]]></system-err>
</testsuite>
